<?xml version="1.0" encoding="UTF-8"?>
<testsuite name="com.jykim.webservice.web.IndexControllerTest" tests="1" skipped="0" failures="0" errors="0" timestamp="2022-03-26T05:45:03" hostname="gimjiyeon-ui-MacBookPro.local" time="0.246">
  <properties/>
  <testcase name="메인페이지_로딩" classname="com.jykim.webservice.web.IndexControllerTest" time="0.246"/>
  <system-out><![CDATA[14:44:59.684 [Test worker] DEBUG org.springframework.test.context.junit4.SpringJUnit4ClassRunner - SpringJUnit4ClassRunner constructor called with [class com.jykim.webservice.web.IndexControllerTest]
14:44:59.693 [Test worker] DEBUG org.springframework.test.context.BootstrapUtils - Instantiating CacheAwareContextLoaderDelegate from class [org.springframework.test.context.cache.DefaultCacheAwareContextLoaderDelegate]
14:44:59.699 [Test worker] DEBUG org.springframework.test.context.BootstrapUtils - Instantiating BootstrapContext using constructor [public org.springframework.test.context.support.DefaultBootstrapContext(java.lang.Class,org.springframework.test.context.CacheAwareContextLoaderDelegate)]
14:44:59.714 [Test worker] DEBUG org.springframework.test.context.BootstrapUtils - Instantiating TestContextBootstrapper for test class [com.jykim.webservice.web.IndexControllerTest] from class [org.springframework.boot.test.context.SpringBootTestContextBootstrapper]
14:44:59.722 [Test worker] INFO org.springframework.boot.test.context.SpringBootTestContextBootstrapper - Neither @ContextConfiguration nor @ContextHierarchy found for test class [com.jykim.webservice.web.IndexControllerTest], using SpringBootContextLoader
14:44:59.725 [Test worker] DEBUG org.springframework.test.context.support.AbstractContextLoader - Did not detect default resource location for test class [com.jykim.webservice.web.IndexControllerTest]: class path resource [com/jykim/webservice/web/IndexControllerTest-context.xml] does not exist
14:44:59.726 [Test worker] DEBUG org.springframework.test.context.support.AbstractContextLoader - Did not detect default resource location for test class [com.jykim.webservice.web.IndexControllerTest]: class path resource [com/jykim/webservice/web/IndexControllerTestContext.groovy] does not exist
14:44:59.726 [Test worker] INFO org.springframework.test.context.support.AbstractContextLoader - Could not detect default resource locations for test class [com.jykim.webservice.web.IndexControllerTest]: no resource found for suffixes {-context.xml, Context.groovy}.
14:44:59.726 [Test worker] INFO org.springframework.test.context.support.AnnotationConfigContextLoaderUtils - Could not detect default configuration classes for test class [com.jykim.webservice.web.IndexControllerTest]: IndexControllerTest does not declare any static, non-private, non-final, nested classes annotated with @Configuration.
14:44:59.755 [Test worker] DEBUG org.springframework.test.context.support.ActiveProfilesUtils - Could not find an 'annotation declaring class' for annotation type [org.springframework.test.context.ActiveProfiles] and class [com.jykim.webservice.web.IndexControllerTest]
14:44:59.815 [Test worker] DEBUG org.springframework.context.annotation.ClassPathScanningCandidateComponentProvider - Identified candidate component class: file [/Users/jiyeon/Desktop/jiyeon/spring/webservice/build/classes/java/main/com/jykim/webservice/Application.class]
14:44:59.816 [Test worker] INFO org.springframework.boot.test.context.SpringBootTestContextBootstrapper - Found @SpringBootConfiguration com.jykim.webservice.Application for test class com.jykim.webservice.web.IndexControllerTest
14:44:59.878 [Test worker] DEBUG org.springframework.boot.test.context.SpringBootTestContextBootstrapper - @TestExecutionListeners is not present for class [com.jykim.webservice.web.IndexControllerTest]: using defaults.
14:44:59.878 [Test worker] INFO org.springframework.boot.test.context.SpringBootTestContextBootstrapper - Loaded default TestExecutionListener class names from location [META-INF/spring.factories]: [org.springframework.boot.test.autoconfigure.restdocs.RestDocsTestExecutionListener, org.springframework.boot.test.autoconfigure.web.client.MockRestServiceServerResetTestExecutionListener, org.springframework.boot.test.autoconfigure.web.servlet.MockMvcPrintOnlyOnFailureTestExecutionListener, org.springframework.boot.test.autoconfigure.web.servlet.WebDriverTestExecutionListener, org.springframework.boot.test.mock.mockito.MockitoTestExecutionListener, org.springframework.boot.test.mock.mockito.ResetMocksTestExecutionListener, org.springframework.test.context.web.ServletTestExecutionListener, org.springframework.test.context.support.DirtiesContextBeforeModesTestExecutionListener, org.springframework.test.context.support.DependencyInjectionTestExecutionListener, org.springframework.test.context.support.DirtiesContextTestExecutionListener, org.springframework.test.context.transaction.TransactionalTestExecutionListener, org.springframework.test.context.jdbc.SqlScriptsTestExecutionListener]
14:44:59.889 [Test worker] INFO org.springframework.boot.test.context.SpringBootTestContextBootstrapper - Using TestExecutionListeners: [org.springframework.test.context.web.ServletTestExecutionListener@505c8c5a, org.springframework.test.context.support.DirtiesContextBeforeModesTestExecutionListener@f02e924, org.springframework.boot.test.mock.mockito.MockitoTestExecutionListener@15fa8328, org.springframework.boot.test.autoconfigure.SpringBootDependencyInjectionTestExecutionListener@24a9c536, org.springframework.test.context.support.DirtiesContextTestExecutionListener@1023b3a5, org.springframework.test.context.transaction.TransactionalTestExecutionListener@870334c, org.springframework.test.context.jdbc.SqlScriptsTestExecutionListener@495212a9, org.springframework.boot.test.autoconfigure.restdocs.RestDocsTestExecutionListener@2338fec0, org.springframework.boot.test.autoconfigure.web.client.MockRestServiceServerResetTestExecutionListener@2e8bdf99, org.springframework.boot.test.autoconfigure.web.servlet.MockMvcPrintOnlyOnFailureTestExecutionListener@27e86357, org.springframework.boot.test.autoconfigure.web.servlet.WebDriverTestExecutionListener@7e76ea59, org.springframework.boot.test.mock.mockito.ResetMocksTestExecutionListener@1a5cc5a9]
14:44:59.892 [Test worker] DEBUG org.springframework.test.annotation.ProfileValueUtils - Retrieved @ProfileValueSourceConfiguration [null] for test class [com.jykim.webservice.web.IndexControllerTest]
14:44:59.892 [Test worker] DEBUG org.springframework.test.annotation.ProfileValueUtils - Retrieved ProfileValueSource type [class org.springframework.test.annotation.SystemProfileValueSource] for class [com.jykim.webservice.web.IndexControllerTest]
14:44:59.895 [Test worker] DEBUG org.springframework.test.annotation.ProfileValueUtils - Retrieved @ProfileValueSourceConfiguration [null] for test class [com.jykim.webservice.web.IndexControllerTest]
14:44:59.896 [Test worker] DEBUG org.springframework.test.annotation.ProfileValueUtils - Retrieved ProfileValueSource type [class org.springframework.test.annotation.SystemProfileValueSource] for class [com.jykim.webservice.web.IndexControllerTest]
14:44:59.896 [Test worker] DEBUG org.springframework.test.annotation.ProfileValueUtils - Retrieved @ProfileValueSourceConfiguration [null] for test class [com.jykim.webservice.web.IndexControllerTest]
14:44:59.896 [Test worker] DEBUG org.springframework.test.annotation.ProfileValueUtils - Retrieved ProfileValueSource type [class org.springframework.test.annotation.SystemProfileValueSource] for class [com.jykim.webservice.web.IndexControllerTest]
14:44:59.899 [Test worker] DEBUG org.springframework.test.context.support.AbstractDirtiesContextTestExecutionListener - Before test class: context [DefaultTestContext@1073468a testClass = IndexControllerTest, testInstance = [null], testMethod = [null], testException = [null], mergedContextConfiguration = [WebMergedContextConfiguration@67c85410 testClass = IndexControllerTest, locations = '{}', classes = '{class com.jykim.webservice.Application}', contextInitializerClasses = '[]', activeProfiles = '{}', propertySourceLocations = '{}', propertySourceProperties = '{org.springframework.boot.test.context.SpringBootTestContextBootstrapper=true, server.port=0}', contextCustomizers = set[org.springframework.boot.test.autoconfigure.properties.PropertyMappingContextCustomizer@0, org.springframework.boot.test.autoconfigure.web.servlet.WebDriverContextCustomizerFactory$Customizer@3a8d753c, org.springframework.boot.test.context.filter.ExcludeFilterContextCustomizer@5b3b0e46, org.springframework.boot.test.json.DuplicateJsonObjectContextCustomizerFactory$DuplicateJsonObjectContextCustomizer@5e3bf69a, org.springframework.boot.test.mock.mockito.MockitoContextCustomizer@0, org.springframework.boot.test.web.client.TestRestTemplateContextCustomizer@33693abd], resourceBasePath = 'src/main/webapp', contextLoader = 'org.springframework.boot.test.context.SpringBootContextLoader', parent = [null]], attributes = map['org.springframework.test.context.web.ServletTestExecutionListener.activateListener' -> false]], class annotated with @DirtiesContext [false] with mode [null].
14:44:59.899 [Test worker] DEBUG org.springframework.test.annotation.ProfileValueUtils - Retrieved @ProfileValueSourceConfiguration [null] for test class [com.jykim.webservice.web.IndexControllerTest]
14:44:59.899 [Test worker] DEBUG org.springframework.test.annotation.ProfileValueUtils - Retrieved ProfileValueSource type [class org.springframework.test.annotation.SystemProfileValueSource] for class [com.jykim.webservice.web.IndexControllerTest]
14:44:59.902 [Test worker] DEBUG org.springframework.test.context.support.DependencyInjectionTestExecutionListener - Performing dependency injection for test context [[DefaultTestContext@1073468a testClass = IndexControllerTest, testInstance = com.jykim.webservice.web.IndexControllerTest@68210e37, testMethod = [null], testException = [null], mergedContextConfiguration = [WebMergedContextConfiguration@67c85410 testClass = IndexControllerTest, locations = '{}', classes = '{class com.jykim.webservice.Application}', contextInitializerClasses = '[]', activeProfiles = '{}', propertySourceLocations = '{}', propertySourceProperties = '{org.springframework.boot.test.context.SpringBootTestContextBootstrapper=true, server.port=0}', contextCustomizers = set[org.springframework.boot.test.autoconfigure.properties.PropertyMappingContextCustomizer@0, org.springframework.boot.test.autoconfigure.web.servlet.WebDriverContextCustomizerFactory$Customizer@3a8d753c, org.springframework.boot.test.context.filter.ExcludeFilterContextCustomizer@5b3b0e46, org.springframework.boot.test.json.DuplicateJsonObjectContextCustomizerFactory$DuplicateJsonObjectContextCustomizer@5e3bf69a, org.springframework.boot.test.mock.mockito.MockitoContextCustomizer@0, org.springframework.boot.test.web.client.TestRestTemplateContextCustomizer@33693abd], resourceBasePath = 'src/main/webapp', contextLoader = 'org.springframework.boot.test.context.SpringBootContextLoader', parent = [null]], attributes = map['org.springframework.test.context.web.ServletTestExecutionListener.activateListener' -> false]]].
14:44:59.914 [Test worker] DEBUG org.springframework.test.context.support.TestPropertySourceUtils - Adding inlined properties to environment: {spring.jmx.enabled=false, org.springframework.boot.test.context.SpringBootTestContextBootstrapper=true, server.port=0}

  .   ____          _            __ _ _
 /\\ / ___'_ __ _ _(_)_ __  __ _ \ \ \ \
( ( )\___ | '_ | '_| | '_ \/ _` | \ \ \ \
 \\/  ___)| |_)| | | | | || (_| |  ) ) ) )
  '  |____| .__|_| |_|_| |_\__, | / / / /
 =========|_|==============|___/=/_/_/_/
 :: Spring Boot ::        (v2.1.9.RELEASE)

2022-03-26 14:45:00.138  INFO 1579 --- [    Test worker] c.j.webservice.web.IndexControllerTest   : Starting IndexControllerTest on gimjiyeon-ui-MacBookPro.local with PID 1579 (started by jiyeon in /Users/jiyeon/Desktop/jiyeon/spring/webservice)
2022-03-26 14:45:00.139  INFO 1579 --- [    Test worker] c.j.webservice.web.IndexControllerTest   : No active profile set, falling back to default profiles: default
2022-03-26 14:45:00.626  INFO 1579 --- [    Test worker] .s.d.r.c.RepositoryConfigurationDelegate : Bootstrapping Spring Data repositories in DEFAULT mode.
2022-03-26 14:45:00.684  INFO 1579 --- [    Test worker] .s.d.r.c.RepositoryConfigurationDelegate : Finished Spring Data repository scanning in 49ms. Found 1 repository interfaces.
2022-03-26 14:45:01.016  INFO 1579 --- [    Test worker] trationDelegate$BeanPostProcessorChecker : Bean 'org.springframework.transaction.annotation.ProxyTransactionManagementConfiguration' of type [org.springframework.transaction.annotation.ProxyTransactionManagementConfiguration$$EnhancerBySpringCGLIB$$f6d7edf9] is not eligible for getting processed by all BeanPostProcessors (for example: not eligible for auto-proxying)
2022-03-26 14:45:01.353  INFO 1579 --- [    Test worker] o.s.b.w.embedded.tomcat.TomcatWebServer  : Tomcat initialized with port(s): 0 (http)
2022-03-26 14:45:01.381  INFO 1579 --- [    Test worker] o.apache.catalina.core.StandardService   : Starting service [Tomcat]
2022-03-26 14:45:01.382  INFO 1579 --- [    Test worker] org.apache.catalina.core.StandardEngine  : Starting Servlet engine: [Apache Tomcat/9.0.26]
2022-03-26 14:45:01.494  INFO 1579 --- [    Test worker] o.a.c.c.C.[Tomcat].[localhost].[/]       : Initializing Spring embedded WebApplicationContext
2022-03-26 14:45:01.494  INFO 1579 --- [    Test worker] o.s.web.context.ContextLoader            : Root WebApplicationContext: initialization completed in 1340 ms
2022-03-26 14:45:01.721  INFO 1579 --- [    Test worker] com.zaxxer.hikari.HikariDataSource       : HikariPool-1 - Starting...
2022-03-26 14:45:01.870  INFO 1579 --- [    Test worker] com.zaxxer.hikari.HikariDataSource       : HikariPool-1 - Start completed.
2022-03-26 14:45:01.952  INFO 1579 --- [    Test worker] o.hibernate.jpa.internal.util.LogHelper  : HHH000204: Processing PersistenceUnitInfo [
	name: default
	...]
2022-03-26 14:45:02.024  INFO 1579 --- [    Test worker] org.hibernate.Version                    : HHH000412: Hibernate Core {5.3.12.Final}
2022-03-26 14:45:02.026  INFO 1579 --- [    Test worker] org.hibernate.cfg.Environment            : HHH000206: hibernate.properties not found
2022-03-26 14:45:02.169  INFO 1579 --- [    Test worker] o.hibernate.annotations.common.Version   : HCANN000001: Hibernate Commons Annotations {5.0.4.Final}
2022-03-26 14:45:02.295  INFO 1579 --- [    Test worker] org.hibernate.dialect.Dialect            : HHH000400: Using dialect: org.hibernate.dialect.MySQL5InnoDBDialect
Hibernate: drop table if exists posts
Hibernate: create table posts (id bigint not null auto_increment, created_date datetime, modified_date datetime, author varchar(255), content TEXT not null, title varchar(500) not null, primary key (id)) engine=InnoDB
2022-03-26 14:45:02.863  INFO 1579 --- [    Test worker] o.h.t.schema.internal.SchemaCreatorImpl  : HHH000476: Executing import script 'org.hibernate.tool.schema.internal.exec.ScriptSourceInputNonExistentImpl@4888c078'
2022-03-26 14:45:02.865  INFO 1579 --- [    Test worker] j.LocalContainerEntityManagerFactoryBean : Initialized JPA EntityManagerFactory for persistence unit 'default'
2022-03-26 14:45:03.410  INFO 1579 --- [    Test worker] o.s.s.concurrent.ThreadPoolTaskExecutor  : Initializing ExecutorService 'applicationTaskExecutor'
2022-03-26 14:45:03.459  WARN 1579 --- [    Test worker] aWebConfiguration$JpaWebMvcConfiguration : spring.jpa.open-in-view is enabled by default. Therefore, database queries may be performed during view rendering. Explicitly configure spring.jpa.open-in-view to disable this warning
2022-03-26 14:45:03.500  INFO 1579 --- [    Test worker] o.s.b.a.w.s.WelcomePageHandlerMapping    : Adding welcome page template: index
2022-03-26 14:45:03.755  INFO 1579 --- [    Test worker] o.s.b.w.embedded.tomcat.TomcatWebServer  : Tomcat started on port(s): 49872 (http) with context path ''
2022-03-26 14:45:03.758  INFO 1579 --- [    Test worker] c.j.webservice.web.IndexControllerTest   : Started IndexControllerTest in 3.842 seconds (JVM running for 4.525)
2022-03-26 14:45:03.905  INFO 1579 --- [o-auto-1-exec-1] o.a.c.c.C.[Tomcat].[localhost].[/]       : Initializing Spring DispatcherServlet 'dispatcherServlet'
2022-03-26 14:45:03.906  INFO 1579 --- [o-auto-1-exec-1] o.s.web.servlet.DispatcherServlet        : Initializing Servlet 'dispatcherServlet'
2022-03-26 14:45:03.929  INFO 1579 --- [o-auto-1-exec-1] o.s.web.servlet.DispatcherServlet        : Completed initialization in 23 ms
]]></system-out>
  <system-err><![CDATA[]]></system-err>
</testsuite>
